# JRE version: Java(TM) SE Runtime Environment (20.0.2+9) (build 20.0.2+9-78)
# Java VM: Java HotSpot(TM) 64-Bit Server VM (20.0.2+9-78, mixed mode, sharing, tiered, compressed oops, compressed class ptrs, g1 gc, windows-amd64)
GC Precious Log:
 CardTable entry size: 512
 Card Set container configuration: InlinePtr #cards 5 size 8 Array Of Cards #cards 12 size 40 Howl #buckets 4 coarsen threshold 1843 Howl Bitmap #cards 512 size 80 coarsen threshold 460 Card regions per heap region 1 cards per card region 2048
 CPUs: 2 total, 2 available
 Memory: 3918M
 Large Page Support: Disabled
 NUMA Support: Disabled
 Compressed Oops: Enabled (32-bit)
 Heap Region Size: 1M
 Heap Min Capacity: 8M
 Heap Initial Capacity: 62M
 Heap Max Capacity: 980M
 Pre-touch: Disabled
 Parallel Workers: 2
 Concurrent Workers: 1
 Concurrent Refinement Workers: 2
 Periodic GC: Disabled
Heap:
 garbage-first heap   total 63488K, used 30295K [0x00000000c2c00000, 0x0000000100000000)
  region size 1024K, 27 young (27648K), 5 survivors (5120K)
 Metaspace       used 16778K, committed 17088K, reserved 1114112K
  class space    used 1922K, committed 2048K, reserved 1048576K
GC Heap History (10 events):
Event: 3.961 GC heap before
{Heap before GC invocations=0 (full 0):
 garbage-first heap   total 63488K, used 6144K [0x00000000c2c00000, 0x0000000100000000)
  region size 1024K, 6 young (6144K), 0 survivors (0K)
 Metaspace       used 1809K, committed 1984K, reserved 1114112K
  class space    used 155K, committed 256K, reserved 1048576K
}
Event: 4.209 GC heap after
{Heap after GC invocations=1 (full 0):
 garbage-first heap   total 63488K, used 2048K [0x00000000c2c00000, 0x0000000100000000)
  region size 1024K, 1 young (1024K), 1 survivors (1024K)
 Metaspace       used 1809K, committed 1984K, reserved 1114112K
  class space    used 155K, committed 256K, reserved 1048576K
}
Event: 4.911 GC heap before
{Heap before GC invocations=1 (full 0):
 garbage-first heap   total 63488K, used 6144K [0x00000000c2c00000, 0x0000000100000000)
  region size 1024K, 5 young (5120K), 1 survivors (1024K)
 Metaspace       used 2813K, committed 3008K, reserved 1114112K
  class space    used 271K, committed 384K, reserved 1048576K
}
Event: 4.916 GC heap after
{Heap after GC invocations=2 (full 0):
 garbage-first heap   total 63488K, used 3240K [0x00000000c2c00000, 0x0000000100000000)
  region size 1024K, 1 young (1024K), 1 survivors (1024K)
 Metaspace       used 2813K, committed 3008K, reserved 1114112K
  class space    used 271K, committed 384K, reserved 1048576K
}
Event: 5.931 GC heap before
{Heap before GC invocations=2 (full 0):
 garbage-first heap   total 63488K, used 11432K [0x00000000c2c00000, 0x0000000100000000)
  region size 1024K, 10 young (10240K), 1 survivors (1024K)
 Metaspace       used 5171K, committed 5312K, reserved 1114112K
  class space    used 595K, committed 640K, reserved 1048576K
}
Event: 5.938 GC heap after
{Heap after GC invocations=3 (full 0):
 garbage-first heap   total 63488K, used 3873K [0x00000000c2c00000, 0x0000000100000000)
  region size 1024K, 2 young (2048K), 2 survivors (2048K)
 Metaspace       used 5171K, committed 5312K, reserved 1114112K
  class space    used 595K, committed 640K, reserved 1048576K
}
Event: 9.063 GC heap before
{Heap before GC invocations=3 (full 0):
 garbage-first heap   total 63488K, used 38689K [0x00000000c2c00000, 0x0000000100000000)
  region size 1024K, 37 young (37888K), 2 survivors (2048K)
 Metaspace       used 10632K, committed 10880K, reserved 1114112K
  class space    used 1266K, committed 1408K, reserved 1048576K
}
Event: 9.075 GC heap after
{Heap after GC invocations=4 (full 0):
 garbage-first heap   total 63488K, used 6112K [0x00000000c2c00000, 0x0000000100000000)
  region size 1024K, 4 young (4096K), 4 survivors (4096K)
 Metaspace       used 10632K, committed 10880K, reserved 1114112K
  class space    used 1266K, committed 1408K, reserved 1048576K
}
Event: 12.959 GC heap before
{Heap before GC invocations=4 (full 0):
 garbage-first heap   total 63488K, used 39904K [0x00000000c2c00000, 0x0000000100000000)
  region size 1024K, 37 young (37888K), 4 survivors (4096K)
 Metaspace       used 15301K, committed 15616K, reserved 1114112K
  class space    used 1787K, committed 1920K, reserved 1048576K
}
Event: 12.975 GC heap after
{Heap after GC invocations=5 (full 0):
 garbage-first heap   total 63488K, used 8791K [0x00000000c2c00000, 0x0000000100000000)
  region size 1024K, 5 young (5120K), 5 survivors (5120K)
 Metaspace       used 15301K, committed 15616K, reserved 1114112K
  class space    used 1787K, committed 1920K, reserved 1048576K
}

